[INFO] Scanning for projects...
[INFO] 
[INFO] ----------------< com.finaldesign:lung-nodule-backend >-----------------
[INFO] Building lung-nodule-backend 0.0.1-SNAPSHOT
[INFO]   from pom.xml
[INFO] --------------------------------[ jar ]---------------------------------
[INFO] 
[INFO] >>> spring-boot:3.3.4:run (default-cli) > test-compile @ lung-nodule-backend >>>
[INFO] 
[INFO] --- resources:3.3.1:resources (default-resources) @ lung-nodule-backend ---
[INFO] Copying 1 resource from src\main\resources to target\classes
[INFO] Copying 1 resource from src\main\resources to target\classes
[INFO] 
[INFO] --- compiler:3.13.0:compile (default-compile) @ lung-nodule-backend ---
[INFO] Nothing to compile - all classes are up to date.
[INFO] 
[INFO] --- resources:3.3.1:testResources (default-testResources) @ lung-nodule-backend ---
[INFO] skip non existing resourceDirectory E:\code\FinalDesign\backend\src\test\resources
[INFO] 
[INFO] --- compiler:3.13.0:testCompile (default-testCompile) @ lung-nodule-backend ---
[INFO] Nothing to compile - all classes are up to date.
[INFO] 
[INFO] <<< spring-boot:3.3.4:run (default-cli) < test-compile @ lung-nodule-backend <<<
[INFO] 
[INFO] 
[INFO] --- spring-boot:3.3.4:run (default-cli) @ lung-nodule-backend ---
[INFO] Attaching agents: []

  .   ____          _            __ _ _
 /\\ / ___'_ __ _ _(_)_ __  __ _ \ \ \ \
( ( )\___ | '_ | '_| | '_ \/ _` | \ \ \ \
 \\/  ___)| |_)| | | | | || (_| |  ) ) ) )
  '  |____| .__|_| |_|_| |_\__, | / / / /
 =========|_|==============|___/=/_/_/_/

 :: Spring Boot ::                (v3.3.4)

2026-04-14T15:23:14.587+08:00  INFO 37852 --- [lung-nodule-backend] [           main] c.f.l.LungNoduleBackendApplication       : Starting LungNoduleBackendApplication using Java 21.0.6 with PID 37852 (E:\code\FinalDesign\backend\target\classes started by qianbimo in E:\code\FinalDesign\backend)
2026-04-14T15:23:14.588+08:00  INFO 37852 --- [lung-nodule-backend] [           main] c.f.l.LungNoduleBackendApplication       : No active profile set, falling back to 1 default profile: "default"
2026-04-14T15:23:15.216+08:00  INFO 37852 --- [lung-nodule-backend] [           main] o.s.b.w.embedded.tomcat.TomcatWebServer  : Tomcat initialized with port 8080 (http)
2026-04-14T15:23:15.223+08:00  INFO 37852 --- [lung-nodule-backend] [           main] o.apache.catalina.core.StandardService   : Starting service [Tomcat]
2026-04-14T15:23:15.223+08:00  INFO 37852 --- [lung-nodule-backend] [           main] o.apache.catalina.core.StandardEngine    : Starting Servlet engine: [Apache Tomcat/10.1.30]
2026-04-14T15:23:15.256+08:00  INFO 37852 --- [lung-nodule-backend] [           main] o.a.c.c.C.[Tomcat].[localhost].[/]       : Initializing Spring embedded WebApplicationContext
2026-04-14T15:23:15.256+08:00  INFO 37852 --- [lung-nodule-backend] [           main] w.s.c.ServletWebServerApplicationContext : Root WebApplicationContext: initialization completed in 639 ms
Logging initialized using 'class org.apache.ibatis.logging.stdout.StdOutImpl' adapter.
Get /26.190.134.99 network interface 
Get network interface info: name:ethernet_32777 (Famatech Radmin VPN Ethernet Adapter)
Initialization Sequence datacenterId:18 workerId:10
 _ _   |_  _ _|_. ___ _ |    _ 
| | |\/|_)(_| | |_\  |_)||_|_\ 
     /               |         
                        3.5.7 
2026-04-14T15:23:15.537+08:00  INFO 37852 --- [lung-nodule-backend] [           main] r$InitializeUserDetailsManagerConfigurer : Global AuthenticationManager configured with UserDetailsService bean with name userDetailsServiceImpl
2026-04-14T15:23:15.899+08:00  INFO 37852 --- [lung-nodule-backend] [           main] o.s.b.w.embedded.tomcat.TomcatWebServer  : Tomcat started on port 8080 (http) with context path '/'
2026-04-14T15:23:15.904+08:00  INFO 37852 --- [lung-nodule-backend] [           main] c.f.l.LungNoduleBackendApplication       : Started LungNoduleBackendApplication in 1.507 seconds (process running for 1.685)
2026-04-14T15:23:56.759+08:00  INFO 37852 --- [lung-nodule-backend] [nio-8080-exec-1] o.a.c.c.C.[Tomcat].[localhost].[/]       : Initializing Spring DispatcherServlet 'dispatcherServlet'
2026-04-14T15:23:56.761+08:00  INFO 37852 --- [lung-nodule-backend] [nio-8080-exec-1] o.s.web.servlet.DispatcherServlet        : Initializing Servlet 'dispatcherServlet'
2026-04-14T15:23:56.762+08:00  INFO 37852 --- [lung-nodule-backend] [nio-8080-exec-1] o.s.web.servlet.DispatcherServlet        : Completed initialization in 1 ms
2026-04-14T15:23:57.013+08:00  INFO 37852 --- [lung-nodule-backend] [nio-8080-exec-1] o.springdoc.api.AbstractOpenApiResource  : Init duration for springdoc-openapi is: 231 ms
[130.611s][warning][os,thread] Failed to start thread "Unknown thread" - _beginthreadex failed (EACCES) for attributes: stacksize: default, flags: CREATE_SUSPENDED STACK_SIZE_PARAM_IS.
